26927:C 29 Jul 09:54:31.962 # Fatal error, can't open config file '-p'
26924:C 29 Jul 09:54:31.962 # Fatal error, can't open config file '-p'
26925:C 29 Jul 09:54:31.966 # Fatal error, can't open config file '-p'
26926:C 29 Jul 09:54:31.969 # Fatal error, can't open config file '-p'
26994:C 29 Jul 09:55:39.520 # Fatal error, can't open config file '-p'
26993:C 29 Jul 09:55:39.523 # Fatal error, can't open config file '-p'
26992:C 29 Jul 09:55:39.529 # Fatal error, can't open config file '-p'
26991:C 29 Jul 09:55:39.529 # Fatal error, can't open config file '-p'
27068:C 29 Jul 09:58:00.934 # Fatal error, can't open config file '-p'
27135:M 29 Jul 09:59:15.701 * Increased maximum number of open files to 10032 (it was originally set to 7168).
27134:M 29 Jul 09:59:15.702 * Increased maximum number of open files to 10032 (it was originally set to 7168).
                _._                                                  
           _.-``__ ''-._                                             
      _.-``    `.  `_.  ''-._           Redis 3.2.1 (00000000/0) 64 bit
  .-`` .-```.  ```\/    _.,_ ''-._                                   
 (    '      ,       .-`  | `,    )     Running in standalone mode
 |`-._`-...-` __...-.``-._|'` _.-'|     Port: 6382
 |    `-._   `._    /     _.-'    |     PID: 27135
  `-._    `-._  `-./  _.-'    _.-'                                   
 |`-._`-._    `-.__.-'    _.-'_.-'|                                  
 |    `-._`-._        _.-'_.-'    |           http://redis.io        
  `-._    `-._`-.__.-'_.-'    _.-'                                   
 |`-._`-._    `-.__.-'    _.-'_.-'|                                  
 |    `-._`-._        _.-'_.-'    |                                  
  `-._    `-._`-.__.-'_.-'    _.-'                                   
      `-._    `-.__.-'    _.-'                                       
          `-._        _.-'                                           
              `-.__.-'                                               

27135:M 29 Jul 09:59:15.705 # Server started, Redis version 3.2.1
                _._                                                  
           _.-``__ ''-._                                             
      _.-``    `.  `_.  ''-._           Redis 3.2.1 (00000000/0) 64 bit
  .-`` .-```.  ```\/    _.,_ ''-._                                   
 (    '      ,       .-`  | `,    )     Running in standalone mode
 |`-._`-...-` __...-.``-._|'` _.-'|     Port: 6381
 |    `-._   `._    /     _.-'    |     PID: 27134
  `-._    `-._  `-./  _.-'    _.-'                                   
 |`-._`-._    `-.__.-'    _.-'_.-'|                                  
 |    `-._`-._        _.-'_.-'    |           http://redis.io        
  `-._    `-._`-.__.-'_.-'    _.-'                                   
 |`-._`-._    `-.__.-'    _.-'_.-'|                                  
 |    `-._`-._        _.-'_.-'    |                                  
  `-._    `-._`-.__.-'_.-'    _.-'                                   
      `-._    `-.__.-'    _.-'                                       
          `-._        _.-'                                           
              `-.__.-'                                               

27135:M 29 Jul 09:59:15.705 * The server is now ready to accept connections on port 6382
27134:M 29 Jul 09:59:15.705 # Server started, Redis version 3.2.1
27134:M 29 Jul 09:59:15.705 * The server is now ready to accept connections on port 6381
27136:M 29 Jul 09:59:15.713 * Increased maximum number of open files to 10032 (it was originally set to 7168).
27133:M 29 Jul 09:59:15.713 * Increased maximum number of open files to 10032 (it was originally set to 7168).
                _._                                                  
           _.-``__ ''-._                                             
      _.-``    `.  `_.  ''-._           Redis 3.2.1 (00000000/0) 64 bit
  .-`` .-```.  ```\/    _.,_ ''-._                                   
 (    '      ,       .-`  | `,    )     Running in standalone mode
 |`-._`-...-` __...-.``-._|'` _.-'|     Port: 6383
 |    `-._   `._    /     _.-'    |     PID: 27136
  `-._    `-._  `-./  _.-'    _.-'                                   
 |`-._`-._    `-.__.-'    _.-'_.-'|                                  
 |    `-._`-._        _.-'_.-'    |           http://redis.io        
  `-._    `-._`-.__.-'_.-'    _.-'                                   
 |`-._`-._    `-.__.-'    _.-'_.-'|                                  
 |    `-._`-._        _.-'_.-'    |                                  
  `-._    `-._`-.__.-'_.-'    _.-'                                   
      `-._    `-.__.-'    _.-'                                       
          `-._        _.-'                                           
              `-.__.-'                                               

27136:M 29 Jul 09:59:15.715 # Server started, Redis version 3.2.1
27136:M 29 Jul 09:59:15.715 * The server is now ready to accept connections on port 6383
                _._                                                  
           _.-``__ ''-._                                             
      _.-``    `.  `_.  ''-._           Redis 3.2.1 (00000000/0) 64 bit
  .-`` .-```.  ```\/    _.,_ ''-._                                   
 (    '      ,       .-`  | `,    )     Running in standalone mode
 |`-._`-...-` __...-.``-._|'` _.-'|     Port: 6380
 |    `-._   `._    /     _.-'    |     PID: 27133
  `-._    `-._  `-./  _.-'    _.-'                                   
 |`-._`-._    `-.__.-'    _.-'_.-'|                                  
 |    `-._`-._        _.-'_.-'    |           http://redis.io        
  `-._    `-._`-.__.-'_.-'    _.-'                                   
 |`-._`-._    `-.__.-'    _.-'_.-'|                                  
 |    `-._`-._        _.-'_.-'    |                                  
  `-._    `-._`-.__.-'_.-'    _.-'                                   
      `-._    `-.__.-'    _.-'                                       
          `-._        _.-'                                           
              `-.__.-'                                               

27133:M 29 Jul 09:59:15.716 # Server started, Redis version 3.2.1
27133:M 29 Jul 09:59:15.716 * The server is now ready to accept connections on port 6380
